<?xml version="1.0" encoding="UTF-8"?>
<!-- Generated by org.testng.reporters.JUnitReportReporter -->
<testsuite skipped="0" hostname="ip-172-31-92-6" name="APIChaining.EndToEndTest" tests="1" failures="0" timestamp="05 Jun 2022 06:45:44 GMT" time="1.750" errors="0">
  <testcase name="test1" time="1.750" classname="APIChaining.EndToEndTest"/>
</testsuite> <!-- APIChaining.EndToEndTest -->
